  D:\GDP\Media Fundamentals\Git project 2\SoundGameDev-Project-2\common\lib\x64\Debug\fmod.dll
  D:\GDP\Media Fundamentals\Git project 2\SoundGameDev-Project-2\common\lib\x64\Debug\freetype.dll
  D:\GDP\Media Fundamentals\Git project 2\SoundGameDev-Project-2\common\lib\x64\Debug\glfw3.dll
  3 File(s) copied
  D:\GDP\Media Fundamentals\Git project 2\SoundGameDev-Project-2\common\fonts\arial.ttf
  1 File(s) copied
  D:\GDP\Media Fundamentals\Git project 2\SoundGameDev-Project-2\common\fonts\arial.ttf
  1 File(s) copied
  main.cpp
D:\GDP\Media Fundamentals\Git project 2\SoundGameDev-Project-2\Project1\main.cpp(280,30): warning C4305: 'argument': truncation from 'double' to 'float'
D:\GDP\Media Fundamentals\Git project 2\SoundGameDev-Project-2\Project1\main.cpp(334,30): warning C4305: 'argument': truncation from 'double' to 'float'
D:\GDP\Media Fundamentals\Git project 2\SoundGameDev-Project-2\Project1\main.cpp(477,31): warning C4305: 'argument': truncation from 'double' to 'float'
D:\GDP\Media Fundamentals\Git project 2\SoundGameDev-Project-2\Project1\main.cpp(1422,31): warning C4018: '<': signed/unsigned mismatch
D:\GDP\Media Fundamentals\Git project 2\SoundGameDev-Project-2\Project1\main.cpp(1496,31): warning C4018: '<': signed/unsigned mismatch
D:\GDP\Media Fundamentals\Git project 2\SoundGameDev-Project-2\Project1\main.cpp(1565,31): warning C4018: '<': signed/unsigned mismatch
D:\GDP\Media Fundamentals\Git project 2\SoundGameDev-Project-2\Project1\main.cpp(1629,31): warning C4305: 'argument': truncation from 'double' to 'float'
D:\GDP\Media Fundamentals\Git project 2\SoundGameDev-Project-2\Project1\main.cpp(1637,31): warning C4305: 'argument': truncation from 'double' to 'float'
D:\GDP\Media Fundamentals\Git project 2\SoundGameDev-Project-2\Project1\main.cpp(2021,20): warning C4018: '<': signed/unsigned mismatch
LINK : warning LNK4098: defaultlib 'MSVCRT' conflicts with use of other libs; use /NODEFAULTLIB:library
rssgl.lib(GLLog.obj) : warning LNK4099: PDB '' was not found with 'rssgl.lib(GLLog.obj)' or at ''; linking object as if no debug info
rssgl.lib(GLShader.obj) : warning LNK4099: PDB 'rssgl.pdb' was not found with 'rssgl.lib(GLShader.obj)' or at 'D:\GDP\Media Fundamentals\Git project 2\SoundGameDev-Project-2\x64\Debug\rssgl.pdb'; linking object as if no debug info
rssgl.lib(GLText.obj) : warning LNK4099: PDB 'rssgl.pdb' was not found with 'rssgl.lib(GLText.obj)' or at 'D:\GDP\Media Fundamentals\Git project 2\SoundGameDev-Project-2\x64\Debug\rssgl.pdb'; linking object as if no debug info
  Project1.vcxproj -> D:\GDP\Media Fundamentals\Git project 2\SoundGameDev-Project-2\x64\Debug\Project1.exe
